iMPACT Version: H.42

iMPACT log file started on Sat Aug 18 16:53:59 2007

// *** BATCH CMD : setMode -bs
// *** BATCH CMD : setCable -port auto
AutoDetecting cable. Please wait.
Connecting to cable (USB Port).
Cable connection failed.
Connecting to cable (Parallel Port - LPT1).
Checking cable driver.
 Driver windrvr6.sys version = 7.0.0.0. LPT base address = 0378h.
 ECP base address = 0778h.
Cable connection failed.
Connecting to cable (Parallel Port - LPT2).
Checking cable driver.
 Driver windrvr6.sys version = 7.0.0.0.Cable connection failed.
Connecting to cable (Parallel Port - LPT3).
Checking cable driver.
 Driver windrvr6.sys version = 7.0.0.0.Cable connection failed.
Connecting to cable (Parallel Port - LPT4).
Checking cable driver.
 Driver windrvr6.sys version = 7.0.0.0.Cable connection failed.
Connecting to cable (Usb Port - USB21).
Checking cable driver.
 Driver xusbdfwu.sys version: 1018 (1021).
 Driver windrvr6.sys version = 7.0.0.0. Max current requested during enumeration is 280 mA.
 Cable Type = 3, Revision = 0.
 Setting cable speed to 6 MHz.
Cable connection established.
Firmware version = 1021.
CPLD file version = 0006h.
CPLD version = 0012h.
// *** BATCH CMD : identify
Identifying chain contents ....'1': : Manufacturer's ID =Xilinx xc3s100e, Version : 0
INFO:iMPACT:1777 - 
   Reading c:/Xilinx/spartan3e/data/xc3s100e.bsd...
INFO:iMPACT:501 - '1': Added Device xc3s100e successfully.
----------------------------------------------------------------------
----------------------------------------------------------------------
done.
Validating chain...
Boundary-scan chain validated successfully.
Elapsed time =      0 sec.
// *** BATCH CMD : identifyMPM
Elapsed time =      0 sec.
// *** BATCH CMD : setAttribute -position 1 -attr configFileName -value"implementation/download.bit"
'1': Loading file 'implementation/download.bit' ...
done.
WARNING:iMPACT:2257 - Startup Clock has been changed to 'JtagClk' in the   bitstream stored in memory,
   but the original bitstream file remains unchanged.
INFO:iMPACT:501 - '1': Added Device xc3s100e successfully.
----------------------------------------------------------------------
----------------------------------------------------------------------
----------------------------------------------------------------------
----------------------------------------------------------------------
// *** BATCH CMD : program -p 1 
Validating chain...
Boundary-scan chain validated successfully.
'1':Programming  device...
done.
'1': Reading status register contents...
CRC error                                         :         0
Decryptor security set                            :         0
DCM locked                                        :         1
DCI matched                                       :         1
legacy input error                                :         0
status of GTS_CFG_B                               :         1
status of GWE                                     :         1
status of GHIGH                                   :         1
value of MODE pin M0                              :         0
value of MODE pin M1                              :         1
value of MODE pin M2                              :         0
value of CFG_RDY (INIT_B)                         :         1
DONEIN input from DONE pin                        :         1
IDCODE not validated while trying to write FDRI   :         0
write FDRI issued before or after decrypt operation:         0
Decryptor keys not used in proper sequence        :         0
INFO:iMPACT:2219 - Status register values:
INFO:iMPACT - 0011 0111 0101 1000 0000 0000 0000 0000 
INFO:iMPACT:579 - '1': Completed downloading bit file to device.
INFO:iMPACT:580 - '1':Checking done pin ....done.
'1': Programmed successfully.
Elapsed time =      0 sec.
// *** BATCH CMD : quit
